<?xml version="1.0" encoding="UTF-8"?><testsuite errors="0" failures="0" name="com.restful.booker.bookinginfo.BookingCRUDTest" skipped="0" tests="6" time="7.75" timestamp="2023-06-05T15:31:02.188+01:00[Europe/London]"><testcase classname="com.restful.booker.bookinginfo.BookingCRUDTest" name="This will create a new booking"/><testcase classname="com.restful.booker.bookinginfo.BookingCRUDTest" name="Verify if the booking was added to the application"/><testcase classname="com.restful.booker.bookinginfo.BookingCRUDTest" name="Update the booking information and verify the updated information"/><testcase classname="com.restful.booker.bookinginfo.BookingCRUDTest" name="Update the partial booking information and verify the updated information"/><testcase classname="com.restful.booker.bookinginfo.BookingCRUDTest" name="Deleting booking information"/><testcase classname="com.restful.booker.bookinginfo.BookingCRUDTest" name="Get booking"/></testsuite>